2023-01-19 01:26:12,807 INFO  [SpringApplicationShutdownHook] org.springframework.orm.jpa.LocalContainerEntityManagerFactoryBean:Closing JPA EntityManagerFactory for persistence unit 'default'
2023-01-19 01:26:12,859 INFO  [SpringApplicationShutdownHook] com.zaxxer.hikari.HikariDataSource:HikariPool-1 - Shutdown initiated...
2023-01-19 01:26:12,881 INFO  [SpringApplicationShutdownHook] com.zaxxer.hikari.HikariDataSource:HikariPool-1 - Shutdown completed.
2023-01-19 22:14:09,003 INFO  [restartedMain] com.tpe.SpringbootintroApplication:Starting SpringbootintroApplication using Java 11.0.15 on DESKTOP-OCQ1VRN with PID 4996 (C:\Users\New generation\Desktop\BATCH 104\Springboot\springbootintro\target\classes started by New generation in C:\Users\New generation\Desktop\BATCH 104\Springboot\springbootintro)
2023-01-19 22:14:09,008 INFO  [restartedMain] com.tpe.SpringbootintroApplication:No active profile set, falling back to default profiles: default
2023-01-19 22:14:09,191 INFO  [restartedMain] org.springframework.boot.devtools.env.DevToolsPropertyDefaultsPostProcessor:Devtools property defaults active! Set 'spring.devtools.add-properties' to 'false' to disable
2023-01-19 22:14:09,191 INFO  [restartedMain] org.springframework.boot.devtools.env.DevToolsPropertyDefaultsPostProcessor:For additional web related logging consider setting the 'logging.level.web' property to 'DEBUG'
2023-01-19 22:14:11,945 INFO  [restartedMain] org.springframework.data.repository.config.RepositoryConfigurationDelegate:Bootstrapping Spring Data JPA repositories in DEFAULT mode.
2023-01-19 22:14:12,046 INFO  [restartedMain] org.springframework.data.repository.config.RepositoryConfigurationDelegate:Finished Spring Data repository scanning in 83 ms. Found 1 JPA repository interfaces.
2023-01-19 22:14:14,020 INFO  [restartedMain] org.springframework.boot.web.embedded.tomcat.TomcatWebServer:Tomcat initialized with port(s): 8088 (http)
2023-01-19 22:14:14,067 INFO  [restartedMain] org.apache.catalina.core.StandardService:Starting service [Tomcat]
2023-01-19 22:14:14,067 INFO  [restartedMain] org.apache.catalina.core.StandardEngine:Starting Servlet engine: [Apache Tomcat/9.0.56]
2023-01-19 22:14:14,334 INFO  [restartedMain] org.apache.catalina.core.ContainerBase.[Tomcat].[localhost].[/]:Initializing Spring embedded WebApplicationContext
2023-01-19 22:14:14,336 INFO  [restartedMain] org.springframework.boot.web.servlet.context.ServletWebServerApplicationContext:Root WebApplicationContext: initialization completed in 5143 ms
2023-01-19 22:14:15,381 INFO  [restartedMain] org.hibernate.jpa.internal.util.LogHelper:HHH000204: Processing PersistenceUnitInfo [name: default]
2023-01-19 22:14:15,556 INFO  [restartedMain] org.hibernate.Version:HHH000412: Hibernate ORM core version 5.6.4.Final
2023-01-19 22:14:16,175 INFO  [restartedMain] org.hibernate.annotations.common.Version:HCANN000001: Hibernate Commons Annotations {5.1.2.Final}
2023-01-19 22:14:16,445 INFO  [restartedMain] com.zaxxer.hikari.HikariDataSource:HikariPool-1 - Starting...
2023-01-19 22:14:16,958 INFO  [restartedMain] com.zaxxer.hikari.HikariDataSource:HikariPool-1 - Start completed.
2023-01-19 22:14:17,001 INFO  [restartedMain] org.hibernate.dialect.Dialect:HHH000400: Using dialect: org.hibernate.dialect.PostgreSQLDialect
2023-01-19 22:14:18,819 INFO  [restartedMain] org.hibernate.engine.transaction.jta.platform.internal.JtaPlatformInitiator:HHH000490: Using JtaPlatform implementation: [org.hibernate.engine.transaction.jta.platform.internal.NoJtaPlatform]
2023-01-19 22:14:18,837 INFO  [restartedMain] org.springframework.orm.jpa.LocalContainerEntityManagerFactoryBean:Initialized JPA EntityManagerFactory for persistence unit 'default'
2023-01-19 22:14:20,049 WARN  [restartedMain] org.springframework.boot.autoconfigure.orm.jpa.JpaBaseConfiguration$JpaWebConfiguration:spring.jpa.open-in-view is enabled by default. Therefore, database queries may be performed during view rendering. Explicitly configure spring.jpa.open-in-view to disable this warning
2023-01-19 22:14:21,183 INFO  [restartedMain] org.springframework.boot.autoconfigure.security.servlet.UserDetailsServiceAutoConfiguration:

Using generated security password: 519a7b54-abc5-4c32-ad97-61c39397ac25

2023-01-19 22:14:21,455 INFO  [restartedMain] org.springframework.boot.actuate.endpoint.web.EndpointLinksResolver:Exposing 4 endpoint(s) beneath base path '/actuator'
2023-01-19 22:14:21,482 INFO  [restartedMain] org.springframework.security.web.DefaultSecurityFilterChain:Will secure any request with [org.springframework.security.web.context.request.async.WebAsyncManagerIntegrationFilter@783c8897, org.springframework.security.web.context.SecurityContextPersistenceFilter@4f936eae, org.springframework.security.web.header.HeaderWriterFilter@3e0fb3eb, org.springframework.web.filter.CorsFilter@7489421e, org.springframework.security.web.csrf.CsrfFilter@7790dbdd, org.springframework.security.web.authentication.logout.LogoutFilter@3a43bfac, org.springframework.security.web.authentication.UsernamePasswordAuthenticationFilter@19a05cc6, org.springframework.security.web.authentication.ui.DefaultLoginPageGeneratingFilter@17ca0034, org.springframework.security.web.authentication.ui.DefaultLogoutPageGeneratingFilter@63cd6b34, org.springframework.security.web.authentication.www.BasicAuthenticationFilter@3f350ccf, org.springframework.security.web.savedrequest.RequestCacheAwareFilter@7a27e9fd, org.springframework.security.web.servletapi.SecurityContextHolderAwareRequestFilter@764a332b, org.springframework.security.web.authentication.AnonymousAuthenticationFilter@8435f13, org.springframework.security.web.session.SessionManagementFilter@5de5ccdc, org.springframework.security.web.access.ExceptionTranslationFilter@3f34f33c, org.springframework.security.web.access.intercept.FilterSecurityInterceptor@42117c7f]
2023-01-19 22:14:21,607 INFO  [restartedMain] org.springframework.boot.devtools.autoconfigure.OptionalLiveReloadServer:LiveReload server is running on port 35729
2023-01-19 22:14:21,678 INFO  [restartedMain] org.springframework.boot.web.embedded.tomcat.TomcatWebServer:Tomcat started on port(s): 8088 (http) with context path ''
2023-01-19 22:14:21,704 INFO  [restartedMain] com.tpe.SpringbootintroApplication:Started SpringbootintroApplication in 13.852 seconds (JVM running for 15.322)
2023-01-19 22:14:24,085 INFO  [http-nio-8088-exec-1] org.apache.catalina.core.ContainerBase.[Tomcat].[localhost].[/]:Initializing Spring DispatcherServlet 'dispatcherServlet'
2023-01-19 22:14:24,347 WARN  [http-nio-8088-exec-1] org.apache.catalina.util.SessionIdGeneratorBase:Creation of SecureRandom instance for session ID generation using [SHA1PRNG] took [156] milliseconds.
2023-01-19 22:17:48,161 INFO  [SpringApplicationShutdownHook] org.springframework.orm.jpa.LocalContainerEntityManagerFactoryBean:Closing JPA EntityManagerFactory for persistence unit 'default'
2023-01-19 22:17:48,165 INFO  [SpringApplicationShutdownHook] com.zaxxer.hikari.HikariDataSource:HikariPool-1 - Shutdown initiated...
2023-01-19 22:17:48,183 INFO  [SpringApplicationShutdownHook] com.zaxxer.hikari.HikariDataSource:HikariPool-1 - Shutdown completed.
2023-01-19 22:18:54,637 INFO  [restartedMain] com.tpe.SpringbootintroApplication:Starting SpringbootintroApplication using Java 11.0.15 on DESKTOP-OCQ1VRN with PID 24024 (C:\Users\New generation\Desktop\BATCH 104\Springboot\springbootintro\target\classes started by New generation in C:\Users\New generation\Desktop\BATCH 104\Springboot\springbootintro)
2023-01-19 22:18:54,640 INFO  [restartedMain] com.tpe.SpringbootintroApplication:No active profile set, falling back to default profiles: default
2023-01-19 22:18:54,782 INFO  [restartedMain] org.springframework.boot.devtools.env.DevToolsPropertyDefaultsPostProcessor:Devtools property defaults active! Set 'spring.devtools.add-properties' to 'false' to disable
2023-01-19 22:18:54,783 INFO  [restartedMain] org.springframework.boot.devtools.env.DevToolsPropertyDefaultsPostProcessor:For additional web related logging consider setting the 'logging.level.web' property to 'DEBUG'
2023-01-19 22:18:56,908 INFO  [restartedMain] org.springframework.data.repository.config.RepositoryConfigurationDelegate:Bootstrapping Spring Data JPA repositories in DEFAULT mode.
2023-01-19 22:18:57,009 INFO  [restartedMain] org.springframework.data.repository.config.RepositoryConfigurationDelegate:Finished Spring Data repository scanning in 80 ms. Found 1 JPA repository interfaces.
2023-01-19 22:18:58,536 INFO  [restartedMain] org.springframework.boot.web.embedded.tomcat.TomcatWebServer:Tomcat initialized with port(s): 8088 (http)
2023-01-19 22:18:58,566 INFO  [restartedMain] org.apache.catalina.core.StandardService:Starting service [Tomcat]
2023-01-19 22:18:58,567 INFO  [restartedMain] org.apache.catalina.core.StandardEngine:Starting Servlet engine: [Apache Tomcat/9.0.56]
2023-01-19 22:18:58,703 INFO  [restartedMain] org.apache.catalina.core.ContainerBase.[Tomcat].[localhost].[/]:Initializing Spring embedded WebApplicationContext
2023-01-19 22:18:58,705 INFO  [restartedMain] org.springframework.boot.web.servlet.context.ServletWebServerApplicationContext:Root WebApplicationContext: initialization completed in 3921 ms
2023-01-19 22:18:59,307 INFO  [restartedMain] org.hibernate.jpa.internal.util.LogHelper:HHH000204: Processing PersistenceUnitInfo [name: default]
2023-01-19 22:18:59,396 INFO  [restartedMain] org.hibernate.Version:HHH000412: Hibernate ORM core version 5.6.4.Final
2023-01-19 22:18:59,650 INFO  [restartedMain] org.hibernate.annotations.common.Version:HCANN000001: Hibernate Commons Annotations {5.1.2.Final}
2023-01-19 22:18:59,826 INFO  [restartedMain] com.zaxxer.hikari.HikariDataSource:HikariPool-1 - Starting...
2023-01-19 22:19:00,202 INFO  [restartedMain] com.zaxxer.hikari.HikariDataSource:HikariPool-1 - Start completed.
2023-01-19 22:19:00,231 INFO  [restartedMain] org.hibernate.dialect.Dialect:HHH000400: Using dialect: org.hibernate.dialect.PostgreSQLDialect
2023-01-19 22:19:01,455 INFO  [restartedMain] org.hibernate.engine.transaction.jta.platform.internal.JtaPlatformInitiator:HHH000490: Using JtaPlatform implementation: [org.hibernate.engine.transaction.jta.platform.internal.NoJtaPlatform]
2023-01-19 22:19:01,467 INFO  [restartedMain] org.springframework.orm.jpa.LocalContainerEntityManagerFactoryBean:Initialized JPA EntityManagerFactory for persistence unit 'default'
2023-01-19 22:19:02,288 WARN  [restartedMain] org.springframework.boot.autoconfigure.orm.jpa.JpaBaseConfiguration$JpaWebConfiguration:spring.jpa.open-in-view is enabled by default. Therefore, database queries may be performed during view rendering. Explicitly configure spring.jpa.open-in-view to disable this warning
2023-01-19 22:19:03,264 INFO  [restartedMain] org.springframework.boot.actuate.endpoint.web.EndpointLinksResolver:Exposing 4 endpoint(s) beneath base path '/actuator'
2023-01-19 22:19:03,291 INFO  [restartedMain] org.springframework.security.web.DefaultSecurityFilterChain:Will secure any request with [org.springframework.security.web.context.request.async.WebAsyncManagerIntegrationFilter@68a4318a, org.springframework.security.web.context.SecurityContextPersistenceFilter@4b18190, org.springframework.security.web.header.HeaderWriterFilter@772831e5, org.springframework.web.filter.CorsFilter@76624022, org.springframework.security.web.csrf.CsrfFilter@1e232f40, org.springframework.security.web.authentication.logout.LogoutFilter@7b4f7bcb, org.springframework.security.web.authentication.UsernamePasswordAuthenticationFilter@4c6e1244, org.springframework.security.web.authentication.ui.DefaultLoginPageGeneratingFilter@55ec2ed4, org.springframework.security.web.authentication.ui.DefaultLogoutPageGeneratingFilter@1ec734dc, org.springframework.security.web.authentication.www.BasicAuthenticationFilter@40b51f05, org.springframework.security.web.savedrequest.RequestCacheAwareFilter@5b2192c6, org.springframework.security.web.servletapi.SecurityContextHolderAwareRequestFilter@687b0963, org.springframework.security.web.authentication.AnonymousAuthenticationFilter@7e843a16, org.springframework.security.web.session.SessionManagementFilter@74e0515d, org.springframework.security.web.access.ExceptionTranslationFilter@4fd42b0, org.springframework.security.web.access.intercept.FilterSecurityInterceptor@69b4684d]
2023-01-19 22:19:03,415 INFO  [restartedMain] org.springframework.boot.devtools.autoconfigure.OptionalLiveReloadServer:LiveReload server is running on port 35729
2023-01-19 22:19:03,477 INFO  [restartedMain] org.springframework.boot.web.embedded.tomcat.TomcatWebServer:Tomcat started on port(s): 8088 (http) with context path ''
2023-01-19 22:19:03,503 INFO  [restartedMain] com.tpe.SpringbootintroApplication:Started SpringbootintroApplication in 9.922 seconds (JVM running for 11.089)
2023-01-19 22:19:37,440 INFO  [http-nio-8088-exec-1] org.apache.catalina.core.ContainerBase.[Tomcat].[localhost].[/]:Initializing Spring DispatcherServlet 'dispatcherServlet'
2023-01-19 22:20:50,989 INFO  [SpringApplicationShutdownHook] org.springframework.orm.jpa.LocalContainerEntityManagerFactoryBean:Closing JPA EntityManagerFactory for persistence unit 'default'
2023-01-19 22:20:50,997 INFO  [SpringApplicationShutdownHook] com.zaxxer.hikari.HikariDataSource:HikariPool-1 - Shutdown initiated...
2023-01-19 22:20:51,012 INFO  [SpringApplicationShutdownHook] com.zaxxer.hikari.HikariDataSource:HikariPool-1 - Shutdown completed.
